team_city_test/build/app/outputs/mapping/release/mapping.txt
# compiler: R8
# compiler_version: 1.5.64
# min_api: 16
# pg_map_id: 2ce9dd0
...
io.opencensus.tags.NoopTags$NoopTagContextBinarySerializer -> c.c.e.d$c:
    byte[] EMPTY_BYTE_ARRAY -> b
    io.opencensus.tags.propagation.TagContextBinarySerializer INSTANCE -> a
    io.opencensus.tags.TagContext fromByteArray(byte[]) -> a
    byte[] toByteArray(io.opencensus.tags.TagContext) -> a
io.opencensus.tags.NoopTags$NoopTagContextBuilder -> c.c.e.d$d:
    io.opencensus.tags.TagContextBuilder INSTANCE -> b
    io.opencensus.tags.TagContext build() -> a
    io.opencensus.tags.TagContextBuilder put(io.opencensus.tags.TagKey,io.opencensus.tags.TagValue,io.opencensus.tags.TagMetadata) -> a
io.opencensus.tags.NoopTags$NoopTagPropagationComponent -> c.c.e.d$e:
    io.opencensus.tags.propagation.TagPropagationComponent INSTANCE -> a
    io.opencensus.tags.propagation.TagContextBinarySerializer getBinarySerializer() -> a
io.opencensus.tags.NoopTags$NoopTagger -> c.c.e.d$f:
    io.opencensus.tags.Tagger INSTANCE -> a
    io.opencensus.tags.TagContext empty() -> a
    io.opencensus.tags.TagContextBuilder toBuilder(io.opencensus.tags.TagContext) -> a
    io.opencensus.tags.TagContext getCurrentTagContext() -> b
io.opencensus.tags.NoopTags$NoopTagsComponent -> c.c.e.d$g:
    io.opencensus.tags.propagation.TagPropagationComponent getTagPropagationComponent() -> a
    io.opencensus.tags.Tagger getTagger() -> b
io.opencensus.tags.Tag -> c.c.e.e:
io.opencensus.tags.TagContext -> c.c.e.f:
    java.util.Iterator getIterator() -> a
io.opencensus.tags.TagContextBuilder -> c.c.e.g:
    io.opencensus.tags.TagMetadata METADATA_UNLIMITED_PROPAGATION -> a
    io.opencensus.tags.TagContext build() -> a
    io.opencensus.tags.TagContextBuilder put(io.opencensus.tags.TagKey,io.opencensus.tags.TagValue,io.opencensus.tags.TagMetadata) -> a
    io.opencensus.tags.TagContextBuilder putPropagating(io.opencensus.tags.TagKey,io.opencensus.tags.TagValue) -> a
io.opencensus.tags.TagKey -> c.c.e.h:
    io.opencensus.tags.TagKey create(java.lang.String) -> a
    java.lang.String getName() -> a
    boolean isValid(java.lang.String) -> b
io.opencensus.tags.TagMetadata -> c.c.e.i:
    io.opencensus.tags.TagMetadata create(io.opencensus.tags.TagMetadata$TagTtl) -> a
    io.opencensus.tags.TagMetadata$TagTtl getTagTtl() -> a
io.opencensus.tags.TagMetadata$TagTtl -> c.c.e.i$a:
    io.opencensus.tags.TagMetadata$TagTtl[] $VALUES -> c
    io.opencensus.tags.TagMetadata$TagTtl UNLIMITED_PROPAGATION -> b
    io.opencensus.tags.TagMetadata$TagTtl NO_PROPAGATION -> a
io.opencensus.tags.TagValue -> c.c.e.j:
    java.lang.String asString() -> a
    io.opencensus.tags.TagValue create(java.lang.String) -> a
    boolean isValid(java.lang.String) -> b
io.opencensus.tags.Tagger -> c.c.e.k:
    io.opencensus.tags.TagContext empty() -> a
    io.opencensus.tags.TagContextBuilder toBuilder(io.opencensus.tags.TagContext) -> a
    io.opencensus.tags.TagContext getCurrentTagContext() -> b
io.opencensus.tags.Tags -> c.c.e.l:
    io.opencensus.tags.TagsComponent tagsComponent -> b
    java.util.logging.Logger logger -> a
    io.opencensus.tags.propagation.TagPropagationComponent getTagPropagationComponent() -> a
    io.opencensus.tags.TagsComponent loadTagsComponent(java.lang.ClassLoader) -> a
    io.opencensus.tags.Tagger getTagger() -> b
io.opencensus.tags.TagsComponent -> c.c.e.m:
    io.opencensus.tags.propagation.TagPropagationComponent getTagPropagationComponent() -> a
    io.opencensus.tags.Tagger getTagger() -> b
io.opencensus.tags.propagation.TagContextBinarySerializer -> c.c.e.n.a:
    io.opencensus.tags.TagContext fromByteArray(byte[]) -> a
    byte[] toByteArray(io.opencensus.tags.TagContext) -> a
io.opencensus.tags.propagation.TagContextSerializationException -> c.c.e.n.b:
io.opencensus.tags.propagation.TagPropagationComponent -> c.c.e.n.c:
    io.opencensus.tags.propagation.TagContextBinarySerializer getBinarySerializer() -> a